<?xml version="1.0" encoding="UTF-8"?>
<testsuite name="edu.bsu.cs.ArticleTest" tests="2" skipped="0" failures="0" errors="0" timestamp="2024-02-20T18:05:41" hostname="DESKTOP-QJH6DSA" time="0.095">
  <properties/>
  <testcase name="testAccessToJsonFile()" classname="edu.bsu.cs.ArticleTest" time="0.004"/>
  <testcase name="testCountRevisions()" classname="edu.bsu.cs.ArticleTest" time="0.089"/>
  <system-out><![CDATA[14 Most Recent Revisions:
1. GÃ¼nniX
2. John Broughton
3. RobertG
4. Besserwissern
]]></system-out>
  <system-err><![CDATA[]]></system-err>
</testsuite>
