<?xml version="1.0" encoding="UTF-8"?>
<testsuite name="edu.bsu.cs.ErrorClassTest" tests="1" skipped="0" failures="0" errors="0" timestamp="2024-02-20T18:05:41" hostname="DESKTOP-QJH6DSA" time="0.003">
  <properties/>
  <testcase name="testNoWikiArticlePage()" classname="edu.bsu.cs.ErrorClassTest" time="0.003"/>
  <system-out><![CDATA[]]></system-out>
  <system-err><![CDATA[]]></system-err>
</testsuite>
